10:49:05.552 [main] INFO  c.n.e.s.p.s.DefaultStudentService - CsvDataLoadService loadAndMessage start
10:49:05.568 [main] INFO  c.n.e.s.p.s.DefaultStudentService - loadAndMerge : StopWatch '': running time = 2918900 ns
---------------------------------------------
ns         %     Task name
---------------------------------------------
002918900  100%  

10:52:39.324 [main] INFO  c.n.e.s.p.s.DefaultStudentService - DefaultGradeQueryService getScoreByStudentName start
10:53:24.528 [main] INFO  c.n.e.s.p.s.DefaultStudentService - DefaultGradeQueryService getScoreByStudentName start
10:53:24.544 [main] INFO  c.n.e.s.p.s.DefaultStudentService - getScoreByStudentName : StopWatch '': running time = 756600 ns
---------------------------------------------
ns         %     Task name
---------------------------------------------
000756600  100%  

10:53:57.622 [main] INFO  c.n.e.s.p.s.DefaultStudentService - DefaultGradeQueryService getScoreByStudentName start
10:53:57.637 [main] INFO  c.n.e.s.p.s.DefaultStudentService - getScoreByStudentName : StopWatch '': running time = 718800 ns
---------------------------------------------
ns         %     Task name
---------------------------------------------
000718800  100%  

10:55:31.313 [main] INFO  c.n.e.s.p.s.DefaultStudentService - DefaultGradeQueryService getScoreByStudentName start
10:55:31.329 [main] INFO  c.n.e.s.p.s.DefaultStudentService - getScoreByStudentName : StopWatch '': running time = 2953800 ns
---------------------------------------------
ns         %     Task name
---------------------------------------------
002953800  100%  

10:55:31.329 [main] INFO  c.n.e.s.p.s.DefaultStudentService - DefaultGradeQueryService getScoreByStudentName start
10:55:31.329 [main] INFO  c.n.e.s.p.s.DefaultStudentService - getScoreByStudentName : StopWatch '': running time = 2997600 ns
---------------------------------------------
ns         %     Task name
---------------------------------------------
002953800  099%  
000043800  001%  

10:56:07.144 [main] INFO  c.n.e.s.p.s.DefaultStudentService - DefaultGradeQueryService getScoreByStudentName start
10:56:07.156 [main] INFO  c.n.e.s.p.s.DefaultStudentService - getScoreByStudentName : StopWatch '': running time = 619800 ns
---------------------------------------------
ns         %     Task name
---------------------------------------------
000619800  100%  

10:56:07.185 [main] INFO  c.n.e.s.p.s.DefaultStudentService - DefaultGradeQueryService getScoreByStudentName start
10:56:07.185 [main] INFO  c.n.e.s.p.s.DefaultStudentService - getScoreByStudentName : StopWatch '': running time = 659500 ns
---------------------------------------------
ns         %     Task name
---------------------------------------------
000619800  094%  
000039700  006%  

10:57:49.718 [main] INFO  c.n.e.s.p.s.DefaultStudentService - CsvDataLoadService loadAndMessage start
10:57:49.737 [main] INFO  c.n.e.s.p.s.DefaultStudentService - loadAndMerge : StopWatch '': running time = 3402200 ns
---------------------------------------------
ns         %     Task name
---------------------------------------------
003402200  100%  

10:57:49.750 [main] INFO  c.n.e.s.p.s.DefaultStudentService - DefaultGradeQueryService getScoreByStudentName start
10:57:49.753 [main] INFO  c.n.e.s.p.s.DefaultStudentService - getScoreByStudentName : StopWatch '': running time = 819400 ns
---------------------------------------------
ns         %     Task name
---------------------------------------------
000819400  100%  

11:03:49.824 [main] INFO  c.n.e.s.p.s.DefaultStudentService - CsvDataLoadService loadAndMessage start
11:03:49.842 [main] INFO  c.n.e.s.p.s.DefaultStudentService - loadAndMerge : StopWatch '': running time = 4382700 ns
---------------------------------------------
ns         %     Task name
---------------------------------------------
004382700  100%  

11:03:49.842 [main] INFO  c.n.e.s.p.s.DefaultStudentService - DefaultGradeQueryService getScoreByStudentName start
11:03:49.846 [main] INFO  c.n.e.s.p.s.DefaultStudentService - getScoreByStudentName : StopWatch '': running time = 943000 ns
---------------------------------------------
ns         %     Task name
---------------------------------------------
000943000  100%  

11:03:49.847 [main] INFO  c.n.e.s.p.s.DefaultStudentService - getScoreByStudentSeq : StopWatch '': running time = 1547500 ns
---------------------------------------------
ns         %     Task name
---------------------------------------------
000943000  061%  
000604500  039%  

11:03:49.859 [main] INFO  c.n.e.s.p.s.DefaultStudentService - DefaultGradeQueryService getScoreByStudentName start
11:03:49.859 [main] INFO  c.n.e.s.p.s.DefaultStudentService - getScoreByStudentName : StopWatch '': running time = 1586700 ns
---------------------------------------------
ns         %     Task name
---------------------------------------------
000943000  059%  
000604500  038%  
000039200  002%  

11:03:50.009 [main] INFO  c.n.e.s.p.s.DefaultStudentService - DefaultGradeQueryService getScoreByStudentName start
11:03:50.010 [main] INFO  c.n.e.s.p.s.DefaultStudentService - getScoreByStudentName : StopWatch '': running time = 1632700 ns
---------------------------------------------
ns         %     Task name
---------------------------------------------
000943000  058%  
000604500  037%  
000039200  002%  
000046000  003%  

11:03:50.119 [main] INFO  c.n.e.s.p.s.DefaultStudentService - getScoreByStudentSeq : StopWatch '': running time = 1664600 ns
---------------------------------------------
ns         %     Task name
---------------------------------------------
000943000  057%  
000604500  036%  
000039200  002%  
000046000  003%  
000031900  002%  

11:03:50.121 [main] INFO  c.n.e.s.p.s.DefaultStudentService - getScoreByStudentSeq : StopWatch '': running time = 1736400 ns
---------------------------------------------
ns         %     Task name
---------------------------------------------
000943000  054%  
000604500  035%  
000039200  002%  
000046000  003%  
000031900  002%  
000071800  004%  

11:06:30.844 [main] INFO  c.n.e.s.p.s.DefaultStudentService - CsvDataLoadService loadAndMessage start
11:06:30.860 [main] INFO  c.n.e.s.p.s.DefaultStudentService - loadAndMerge : StopWatch '': running time = 4036000 ns
---------------------------------------------
ns         %     Task name
---------------------------------------------
004036000  100%  

11:06:30.860 [main] INFO  c.n.e.s.p.s.DefaultStudentService - DefaultGradeQueryService getScoreByStudentName start
11:06:30.863 [main] INFO  c.n.e.s.p.s.DefaultStudentService - getScoreByStudentName : StopWatch '': running time = 879000 ns
---------------------------------------------
ns         %     Task name
---------------------------------------------
000879000  100%  

11:06:30.865 [main] INFO  c.n.e.s.p.s.DefaultStudentService - getScoreByStudentSeq : StopWatch '': running time = 1433400 ns
---------------------------------------------
ns         %     Task name
---------------------------------------------
000879000  061%  
000554400  039%  

11:06:30.875 [main] INFO  c.n.e.s.p.s.DefaultStudentService - DefaultGradeQueryService getScoreByStudentName start
11:06:30.875 [main] INFO  c.n.e.s.p.s.DefaultStudentService - getScoreByStudentName : StopWatch '': running time = 1516500 ns
---------------------------------------------
ns         %     Task name
---------------------------------------------
000879000  058%  
000554400  037%  
000083100  005%  

11:07:08.703 [main] INFO  c.n.e.s.p.s.DefaultStudentService - CsvDataLoadService loadAndMessage start
11:07:08.720 [main] INFO  c.n.e.s.p.s.DefaultStudentService - loadAndMerge : StopWatch '': running time = 2600300 ns
---------------------------------------------
ns         %     Task name
---------------------------------------------
002600300  100%  

11:07:08.720 [main] INFO  c.n.e.s.p.s.DefaultStudentService - DefaultGradeQueryService getScoreByStudentName start
11:07:08.721 [main] INFO  c.n.e.s.p.s.DefaultStudentService - getScoreByStudentName : StopWatch '': running time = 936300 ns
---------------------------------------------
ns         %     Task name
---------------------------------------------
000936300  100%  

11:07:08.724 [main] INFO  c.n.e.s.p.s.DefaultStudentService - getScoreByStudentSeq : StopWatch '': running time = 1514200 ns
---------------------------------------------
ns         %     Task name
---------------------------------------------
000936300  062%  
000577900  038%  

11:07:08.735 [main] INFO  c.n.e.s.p.s.DefaultStudentService - DefaultGradeQueryService getScoreByStudentName start
11:07:08.736 [main] INFO  c.n.e.s.p.s.DefaultStudentService - getScoreByStudentName : StopWatch '': running time = 1700200 ns
---------------------------------------------
ns         %     Task name
---------------------------------------------
000936300  055%  
000577900  034%  
000186000  011%  

11:07:08.911 [main] INFO  c.n.e.s.p.s.DefaultStudentService - DefaultGradeQueryService getScoreByStudentName start
11:07:08.911 [main] INFO  c.n.e.s.p.s.DefaultStudentService - getScoreByStudentName : StopWatch '': running time = 1740000 ns
---------------------------------------------
ns         %     Task name
---------------------------------------------
000936300  054%  
000577900  033%  
000186000  011%  
000039800  002%  

11:07:54.392 [main] INFO  c.n.e.s.p.s.DefaultStudentService - CsvDataLoadService loadAndMessage start
11:07:54.400 [main] INFO  c.n.e.s.p.s.DefaultStudentService - loadAndMerge : StopWatch '': running time = 3688700 ns
---------------------------------------------
ns         %     Task name
---------------------------------------------
003688700  100%  

11:07:54.400 [main] INFO  c.n.e.s.p.s.DefaultStudentService - DefaultGradeQueryService getScoreByStudentName start
11:07:54.412 [main] INFO  c.n.e.s.p.s.DefaultStudentService - getScoreByStudentName : StopWatch '': running time = 949900 ns
---------------------------------------------
ns         %     Task name
---------------------------------------------
000949900  100%  

11:07:54.414 [main] INFO  c.n.e.s.p.s.DefaultStudentService - getScoreByStudentSeq : StopWatch '': running time = 1494100 ns
---------------------------------------------
ns         %     Task name
---------------------------------------------
000949900  064%  
000544200  036%  

11:07:54.430 [main] INFO  c.n.e.s.p.s.DefaultStudentService - DefaultGradeQueryService getScoreByStudentName start
11:07:54.431 [main] INFO  c.n.e.s.p.s.DefaultStudentService - getScoreByStudentName : StopWatch '': running time = 1579500 ns
---------------------------------------------
ns         %     Task name
---------------------------------------------
000949900  060%  
000544200  034%  
000085400  005%  

11:07:54.611 [main] INFO  c.n.e.s.p.s.DefaultStudentService - DefaultGradeQueryService getScoreByStudentName start
11:07:54.611 [main] INFO  c.n.e.s.p.s.DefaultStudentService - getScoreByStudentName : StopWatch '': running time = 1617800 ns
---------------------------------------------
ns         %     Task name
---------------------------------------------
000949900  059%  
000544200  034%  
000085400  005%  
000038300  002%  

11:07:54.626 [main] INFO  c.n.e.s.p.s.DefaultStudentService - DefaultGradeQueryService getScoreByStudentName start
11:07:54.626 [main] INFO  c.n.e.s.p.s.DefaultStudentService - getScoreByStudentName : StopWatch '': running time = 1658800 ns
---------------------------------------------
ns         %     Task name
---------------------------------------------
000949900  057%  
000544200  033%  
000085400  005%  
000038300  002%  
000041000  002%  

11:08:23.156 [main] INFO  c.n.e.s.p.s.DefaultStudentService - CsvDataLoadService loadAndMessage start
11:08:23.174 [main] INFO  c.n.e.s.p.s.DefaultStudentService - loadAndMerge : StopWatch '': running time = 4365000 ns
---------------------------------------------
ns         %     Task name
---------------------------------------------
004365000  100%  

11:08:23.174 [main] INFO  c.n.e.s.p.s.DefaultStudentService - DefaultGradeQueryService getScoreByStudentName start
11:08:23.175 [main] INFO  c.n.e.s.p.s.DefaultStudentService - getScoreByStudentName : StopWatch '': running time = 868400 ns
---------------------------------------------
ns         %     Task name
---------------------------------------------
000868400  100%  

11:08:23.177 [main] INFO  c.n.e.s.p.s.DefaultStudentService - getScoreByStudentSeq : StopWatch '': running time = 1371400 ns
---------------------------------------------
ns         %     Task name
---------------------------------------------
000868400  063%  
000503000  037%  

11:08:23.186 [main] INFO  c.n.e.s.p.s.DefaultStudentService - DefaultGradeQueryService getScoreByStudentName start
11:08:23.186 [main] INFO  c.n.e.s.p.s.DefaultStudentService - getScoreByStudentName : StopWatch '': running time = 1404500 ns
---------------------------------------------
ns         %     Task name
---------------------------------------------
000868400  062%  
000503000  036%  
000033100  002%  

11:08:23.329 [main] INFO  c.n.e.s.p.s.DefaultStudentService - DefaultGradeQueryService getScoreByStudentName start
11:08:23.329 [main] INFO  c.n.e.s.p.s.DefaultStudentService - getScoreByStudentName : StopWatch '': running time = 1487000 ns
---------------------------------------------
ns         %     Task name
---------------------------------------------
000868400  058%  
000503000  034%  
000033100  002%  
000082500  006%  

11:08:31.932 [main] INFO  c.n.e.s.p.s.DefaultStudentService - CsvDataLoadService loadAndMessage start
11:08:31.954 [main] INFO  c.n.e.s.p.s.DefaultStudentService - loadAndMerge : StopWatch '': running time = 4015000 ns
---------------------------------------------
ns         %     Task name
---------------------------------------------
004015000  100%  

11:08:31.955 [main] INFO  c.n.e.s.p.s.DefaultStudentService - DefaultGradeQueryService getScoreByStudentName start
11:08:31.955 [main] INFO  c.n.e.s.p.s.DefaultStudentService - getScoreByStudentName : StopWatch '': running time = 852700 ns
---------------------------------------------
ns         %     Task name
---------------------------------------------
000852700  100%  

11:08:31.960 [main] INFO  c.n.e.s.p.s.DefaultStudentService - getScoreByStudentSeq : StopWatch '': running time = 1345800 ns
---------------------------------------------
ns         %     Task name
---------------------------------------------
000852700  063%  
000493100  037%  

11:08:31.970 [main] INFO  c.n.e.s.p.s.DefaultStudentService - getScoreByStudentSeq : StopWatch '': running time = 1369300 ns
---------------------------------------------
ns         %     Task name
---------------------------------------------
000852700  062%  
000493100  036%  
000023500  002%  

11:08:32.093 [main] INFO  c.n.e.s.p.s.DefaultStudentService - getScoreByStudentSeq : StopWatch '': running time = 1441700 ns
---------------------------------------------
ns         %     Task name
---------------------------------------------
000852700  059%  
000493100  034%  
000023500  002%  
000072400  005%  

11:14:34.509 [main] INFO  c.n.e.s.p.s.DefaultStudentService - CsvDataLoadService loadAndMessage start
11:14:34.532 [main] INFO  c.n.e.s.p.s.DefaultStudentService - loadAndMerge : StopWatch '': running time = 4750700 ns
---------------------------------------------
ns         %     Task name
---------------------------------------------
004750700  100%  

11:14:34.533 [main] INFO  c.n.e.s.p.s.DefaultStudentService - DefaultStudentService getPassedStudents start
11:14:34.533 [main] INFO  c.n.e.s.p.s.DefaultStudentService - getPassedStudents : StopWatch '': running time = 761700 ns
---------------------------------------------
ns         %     Task name
---------------------------------------------
000761700  100%  

11:14:34.533 [main] INFO  c.n.e.s.p.s.DefaultStudentService - DefaultStudentService getStudentsOrderByScore start
11:14:34.533 [main] INFO  c.n.e.s.p.s.DefaultStudentService - getStudentsOrderByScore : StopWatch '': running time = 880500 ns
---------------------------------------------
ns         %     Task name
---------------------------------------------
000761700  087%  
000118800  013%  

11:14:34.554 [main] INFO  c.n.e.s.p.s.DefaultStudentService - DefaultStudentService getPassedStudents start
11:14:34.554 [main] INFO  c.n.e.s.p.s.DefaultStudentService - getPassedStudents : StopWatch '': running time = 1038200 ns
---------------------------------------------
ns         %     Task name
---------------------------------------------
000761700  073%  
000118800  011%  
000157700  015%  

11:14:34.757 [main] INFO  c.n.e.s.p.s.DefaultStudentService - DefaultStudentService getPassedStudents start
11:14:34.759 [main] INFO  c.n.e.s.p.s.DefaultStudentService - getPassedStudents : StopWatch '': running time = 1105600 ns
---------------------------------------------
ns         %     Task name
---------------------------------------------
000761700  069%  
000118800  011%  
000157700  014%  
000067400  006%  

11:15:00.577 [main] INFO  c.n.e.s.p.s.DefaultStudentService - CsvDataLoadService loadAndMessage start
11:15:00.599 [main] INFO  c.n.e.s.p.s.DefaultStudentService - loadAndMerge : StopWatch '': running time = 4608400 ns
---------------------------------------------
ns         %     Task name
---------------------------------------------
004608400  100%  

11:15:00.600 [main] INFO  c.n.e.s.p.s.DefaultStudentService - DefaultStudentService getPassedStudents start
11:15:00.600 [main] INFO  c.n.e.s.p.s.DefaultStudentService - getPassedStudents : StopWatch '': running time = 875000 ns
---------------------------------------------
ns         %     Task name
---------------------------------------------
000875000  100%  

11:15:00.600 [main] INFO  c.n.e.s.p.s.DefaultStudentService - DefaultStudentService getStudentsOrderByScore start
11:15:00.603 [main] INFO  c.n.e.s.p.s.DefaultStudentService - getStudentsOrderByScore : StopWatch '': running time = 1014800 ns
---------------------------------------------
ns         %     Task name
---------------------------------------------
000875000  086%  
000139800  014%  

11:15:00.620 [main] INFO  c.n.e.s.p.s.DefaultStudentService - DefaultStudentService getPassedStudents start
11:15:00.620 [main] INFO  c.n.e.s.p.s.DefaultStudentService - getPassedStudents : StopWatch '': running time = 1097700 ns
---------------------------------------------
ns         %     Task name
---------------------------------------------
000875000  080%  
000139800  013%  
000082900  008%  

11:15:00.800 [main] INFO  c.n.e.s.p.s.DefaultStudentService - DefaultStudentService getStudentsOrderByScore start
11:15:00.803 [main] INFO  c.n.e.s.p.s.DefaultStudentService - getStudentsOrderByScore : StopWatch '': running time = 1440900 ns
---------------------------------------------
ns         %     Task name
---------------------------------------------
000875000  061%  
000139800  010%  
000082900  006%  
000343200  024%  

11:28:55.183 [main] INFO  c.n.e.s.p.s.DefaultStudentService - CsvDataLoadService loadAndMessage start
11:28:55.207 [main] INFO  c.n.e.s.p.s.DefaultStudentService - loadAndMerge : StopWatch '': running time = 5122500 ns
---------------------------------------------
ns         %     Task name
---------------------------------------------
005122500  100%  

11:29:10.192 [main] INFO  c.n.e.s.project.SpringMain - SpringMain start
11:29:11.655 [main] WARN  o.s.c.a.AnnotationConfigApplicationContext - Exception encountered during context initialization - cancelling refresh attempt: org.springframework.beans.factory.UnsatisfiedDependencyException: Error creating bean with name 'score' defined in file [C:\Users\park\Desktop\NHN\NHN_SRC\SPRING_PROJECT\project1\project1\target\classes\com\nhnacademy\edu\springframework\project\repository\Score.class]: Unsatisfied dependency expressed through constructor parameter 0; nested exception is org.springframework.beans.factory.NoSuchBeanDefinitionException: No qualifying bean of type 'int' available: expected at least 1 bean which qualifies as autowire candidate. Dependency annotations: {}
11:41:22.023 [main] INFO  c.n.e.s.project.SpringMain - SpringMain start
11:41:23.285 [main] WARN  o.s.c.a.AnnotationConfigApplicationContext - Exception encountered during context initialization - cancelling refresh attempt: org.springframework.beans.factory.UnsatisfiedDependencyException: Error creating bean with name 'score' defined in file [C:\Users\park\Desktop\NHN\NHN_SRC\SPRING_PROJECT\project1\project1\target\classes\com\nhnacademy\edu\springframework\project\repository\Score.class]: Unsatisfied dependency expressed through constructor parameter 0; nested exception is org.springframework.beans.factory.NoSuchBeanDefinitionException: No qualifying bean of type 'int' available: expected at least 1 bean which qualifies as autowire candidate. Dependency annotations: {}
11:42:13.948 [main] INFO  c.n.e.s.project.SpringMain - SpringMain start
11:45:13.809 [main] INFO  c.n.e.s.project.SpringMain - SpringMain start
11:45:15.008 [main] INFO  c.n.e.s.p.s.DefaultStudentService - CsvDataLoadService loadAndMessage start
11:45:15.024 [main] INFO  c.n.e.s.p.s.DefaultStudentService - loadAndMerge : StopWatch '': running time = 1720600 ns
---------------------------------------------
ns         %     Task name
---------------------------------------------
001720600  100%  

11:45:46.287 [main] INFO  c.n.e.s.project.SpringMain - SpringMain start
11:45:47.576 [main] INFO  c.n.e.s.p.s.DefaultStudentService - CsvDataLoadService loadAndMessage start
11:45:47.591 [main] INFO  c.n.e.s.p.s.DefaultStudentService - loadAndMerge : StopWatch '': running time = 1668200 ns
---------------------------------------------
ns         %     Task name
---------------------------------------------
001668200  100%  

11:46:35.328 [main] INFO  c.n.e.s.project.SpringMain - SpringMain start
11:46:36.540 [main] INFO  c.n.e.s.p.s.DefaultStudentService - CsvDataLoadService loadAndMessage start
11:46:36.556 [main] INFO  c.n.e.s.p.s.DefaultStudentService - loadAndMerge : StopWatch '': running time = 2250100 ns
---------------------------------------------
ns         %     Task name
---------------------------------------------
002250100  100%  

11:46:36.556 [main] INFO  c.n.e.s.p.s.DefaultStudentService - DefaultStudentService getPassedStudents start
11:46:36.556 [main] INFO  c.n.e.s.p.s.DefaultStudentService - getPassedStudents : StopWatch '': running time = 857400 ns
---------------------------------------------
ns         %     Task name
---------------------------------------------
000857400  100%  

11:46:36.618 [main] INFO  c.n.e.s.project.SpringMain - [Student{seq=2, name='B', score=Score{studentSeq=2, score=80}}
, Student{seq=3, name='C', score=Score{studentSeq=3, score=70}}
, Student{seq=6, name='F', score=Score{studentSeq=6, score=70}}
, Student{seq=8, name='H', score=Score{studentSeq=8, score=90}}
, Student{seq=9, name='I', score=Score{studentSeq=9, score=100}}
, Student{seq=12, name='L', score=Score{studentSeq=12, score=90}}
]
11:46:36.618 [main] INFO  c.n.e.s.p.s.DefaultStudentService - DefaultStudentService getStudentsOrderByScore start
11:46:36.618 [main] INFO  c.n.e.s.p.s.DefaultStudentService - getStudentsOrderByScore : StopWatch '': running time = 2005700 ns
---------------------------------------------
ns         %     Task name
---------------------------------------------
000857400  043%  
001148300  057%  

11:46:36.634 [main] INFO  c.n.e.s.project.SpringMain - [Student{seq=4, name='D', score=Score{studentSeq=4, score=20}}
, Student{seq=11, name='A', score=Score{studentSeq=11, score=20}}
, Student{seq=1, name='A', score=Score{studentSeq=1, score=30}}
, Student{seq=5, name='E', score=Score{studentSeq=5, score=40}}
, Student{seq=13, name='M', score=Score{studentSeq=13, score=40}}
, Student{seq=15, name='O', score=Score{studentSeq=15, score=40}}
, Student{seq=7, name='G', score=Score{studentSeq=7, score=50}}
, Student{seq=10, name='J', score=Score{studentSeq=10, score=50}}
, Student{seq=14, name='B', score=Score{studentSeq=14, score=55}}
, Student{seq=3, name='C', score=Score{studentSeq=3, score=70}}
, Student{seq=6, name='F', score=Score{studentSeq=6, score=70}}
, Student{seq=2, name='B', score=Score{studentSeq=2, score=80}}
, Student{seq=8, name='H', score=Score{studentSeq=8, score=90}}
, Student{seq=12, name='L', score=Score{studentSeq=12, score=90}}
, Student{seq=9, name='I', score=Score{studentSeq=9, score=100}}
]
13:00:48.111 [main] INFO  c.n.e.s.project.SpringMain - SpringMain start
13:00:49.117 [main] INFO  c.n.e.s.p.s.DefaultStudentService - CsvDataLoadService loadAndMessage start
13:00:49.131 [main] INFO  c.n.e.s.p.s.DefaultStudentService - loadAndMerge : StopWatch '': running time = 2395000 ns
---------------------------------------------
ns         %     Task name
---------------------------------------------
002395000  100%  

13:00:49.131 [main] INFO  c.n.e.s.p.s.DefaultStudentService - DefaultStudentService getPassedStudents start
13:00:49.131 [main] INFO  c.n.e.s.p.s.DefaultStudentService - getPassedStudents : StopWatch '': running time = 1944900 ns
---------------------------------------------
ns         %     Task name
---------------------------------------------
001944900  100%  

13:00:49.165 [main] INFO  c.n.e.s.project.SpringMain - [Student{seq=2, name='B', score=Score{studentSeq=2, score=80}}
, Student{seq=3, name='C', score=Score{studentSeq=3, score=70}}
, Student{seq=6, name='F', score=Score{studentSeq=6, score=70}}
, Student{seq=8, name='H', score=Score{studentSeq=8, score=90}}
, Student{seq=9, name='I', score=Score{studentSeq=9, score=100}}
, Student{seq=12, name='L', score=Score{studentSeq=12, score=90}}
]
13:00:49.165 [main] INFO  c.n.e.s.p.s.DefaultStudentService - DefaultStudentService getStudentsOrderByScore start
13:00:49.165 [main] INFO  c.n.e.s.p.s.DefaultStudentService - getStudentsOrderByScore : StopWatch '': running time = 2898700 ns
---------------------------------------------
ns         %     Task name
---------------------------------------------
001944900  067%  
000953800  033%  

13:00:49.165 [main] INFO  c.n.e.s.project.SpringMain - [Student{seq=4, name='D', score=Score{studentSeq=4, score=20}}
, Student{seq=11, name='A', score=Score{studentSeq=11, score=20}}
, Student{seq=1, name='A', score=Score{studentSeq=1, score=30}}
, Student{seq=5, name='E', score=Score{studentSeq=5, score=40}}
, Student{seq=13, name='M', score=Score{studentSeq=13, score=40}}
, Student{seq=15, name='O', score=Score{studentSeq=15, score=40}}
, Student{seq=7, name='G', score=Score{studentSeq=7, score=50}}
, Student{seq=10, name='J', score=Score{studentSeq=10, score=50}}
, Student{seq=14, name='B', score=Score{studentSeq=14, score=55}}
, Student{seq=3, name='C', score=Score{studentSeq=3, score=70}}
, Student{seq=6, name='F', score=Score{studentSeq=6, score=70}}
, Student{seq=2, name='B', score=Score{studentSeq=2, score=80}}
, Student{seq=8, name='H', score=Score{studentSeq=8, score=90}}
, Student{seq=12, name='L', score=Score{studentSeq=12, score=90}}
, Student{seq=9, name='I', score=Score{studentSeq=9, score=100}}
]
13:03:59.411 [main] INFO  o.s.t.c.s.DefaultTestContextBootstrapper - Loaded default TestExecutionListener class names from location [META-INF/spring.factories]: [org.springframework.test.context.web.ServletTestExecutionListener, org.springframework.test.context.support.DirtiesContextBeforeModesTestExecutionListener, org.springframework.test.context.event.ApplicationEventsTestExecutionListener, org.springframework.test.context.support.DependencyInjectionTestExecutionListener, org.springframework.test.context.support.DirtiesContextTestExecutionListener, org.springframework.test.context.transaction.TransactionalTestExecutionListener, org.springframework.test.context.jdbc.SqlScriptsTestExecutionListener, org.springframework.test.context.event.EventPublishingTestExecutionListener]
13:03:59.436 [main] INFO  o.s.t.c.s.DefaultTestContextBootstrapper - Using TestExecutionListeners: [org.springframework.test.context.support.DirtiesContextBeforeModesTestExecutionListener@76f4b65, org.springframework.test.context.event.ApplicationEventsTestExecutionListener@c94fd30, org.springframework.test.context.support.DependencyInjectionTestExecutionListener@36328d33, org.springframework.test.context.support.DirtiesContextTestExecutionListener@2c4d1ac, org.springframework.test.context.event.EventPublishingTestExecutionListener@7f0d96f2]
13:07:03.052 [main] INFO  o.s.t.c.s.DefaultTestContextBootstrapper - Neither @ContextConfiguration nor @ContextHierarchy found for test class [com.nhnacademy.edu.springframework.project.repository.ScoresTest], using DelegatingSmartContextLoader
13:07:03.066 [main] INFO  o.s.t.c.s.AbstractContextLoader - Could not detect default resource locations for test class [com.nhnacademy.edu.springframework.project.repository.ScoresTest]: no resource found for suffixes {-context.xml}.
13:07:03.068 [main] INFO  o.s.t.c.s.AnnotationConfigContextLoaderUtils - Could not detect default configuration classes for test class [com.nhnacademy.edu.springframework.project.repository.ScoresTest]: ScoresTest does not declare any static, non-private, non-final, nested classes annotated with @Configuration.
13:07:03.124 [main] INFO  o.s.t.c.s.DefaultTestContextBootstrapper - Loaded default TestExecutionListener class names from location [META-INF/spring.factories]: [org.springframework.test.context.web.ServletTestExecutionListener, org.springframework.test.context.support.DirtiesContextBeforeModesTestExecutionListener, org.springframework.test.context.event.ApplicationEventsTestExecutionListener, org.springframework.test.context.support.DependencyInjectionTestExecutionListener, org.springframework.test.context.support.DirtiesContextTestExecutionListener, org.springframework.test.context.transaction.TransactionalTestExecutionListener, org.springframework.test.context.jdbc.SqlScriptsTestExecutionListener, org.springframework.test.context.event.EventPublishingTestExecutionListener]
13:07:03.135 [main] INFO  o.s.t.c.s.DefaultTestContextBootstrapper - Using TestExecutionListeners: [org.springframework.test.context.support.DirtiesContextBeforeModesTestExecutionListener@2c07545f, org.springframework.test.context.event.ApplicationEventsTestExecutionListener@e57b96d, org.springframework.test.context.support.DependencyInjectionTestExecutionListener@32c726ee, org.springframework.test.context.support.DirtiesContextTestExecutionListener@22f31dec, org.springframework.test.context.event.EventPublishingTestExecutionListener@34c01041]
13:07:03.182 [main] ERROR o.s.test.context.TestContextManager - Caught exception while allowing TestExecutionListener [org.springframework.test.context.support.DependencyInjectionTestExecutionListener@32c726ee] to prepare test instance [com.nhnacademy.edu.springframework.project.repository.ScoresTest@740d2e78]
java.lang.IllegalStateException: Failed to load ApplicationContext
	at org.springframework.test.context.cache.DefaultCacheAwareContextLoaderDelegate.loadContext(DefaultCacheAwareContextLoaderDelegate.java:132)
	at org.springframework.test.context.support.DefaultTestContext.getApplicationContext(DefaultTestContext.java:124)
	at org.springframework.test.context.support.DependencyInjectionTestExecutionListener.injectDependencies(DependencyInjectionTestExecutionListener.java:118)
	at org.springframework.test.context.support.DependencyInjectionTestExecutionListener.prepareTestInstance(DependencyInjectionTestExecutionListener.java:83)
	at org.springframework.test.context.TestContextManager.prepareTestInstance(TestContextManager.java:248)
	at org.springframework.test.context.junit.jupiter.SpringExtension.postProcessTestInstance(SpringExtension.java:138)
	at org.junit.jupiter.engine.descriptor.ClassBasedTestDescriptor.lambda$invokeTestInstancePostProcessors$8(ClassBasedTestDescriptor.java:363)
	at org.junit.jupiter.engine.descriptor.ClassBasedTestDescriptor.executeAndMaskThrowable(ClassBasedTestDescriptor.java:368)
	at org.junit.jupiter.engine.descriptor.ClassBasedTestDescriptor.lambda$invokeTestInstancePostProcessors$9(ClassBasedTestDescriptor.java:363)
	at java.base/java.util.stream.ReferencePipeline$3$1.accept(ReferencePipeline.java:195)
	at java.base/java.util.stream.ReferencePipeline$2$1.accept(ReferencePipeline.java:177)
	at java.base/java.util.ArrayList$ArrayListSpliterator.forEachRemaining(ArrayList.java:1655)
	at java.base/java.util.stream.AbstractPipeline.copyInto(AbstractPipeline.java:484)
	at java.base/java.util.stream.AbstractPipeline.wrapAndCopyInto(AbstractPipeline.java:474)
	at java.base/java.util.stream.StreamSpliterators$WrappingSpliterator.forEachRemaining(StreamSpliterators.java:312)
	at java.base/java.util.stream.Streams$ConcatSpliterator.forEachRemaining(Streams.java:735)
	at java.base/java.util.stream.Streams$ConcatSpliterator.forEachRemaining(Streams.java:734)
	at java.base/java.util.stream.ReferencePipeline$Head.forEach(ReferencePipeline.java:658)
	at org.junit.jupiter.engine.descriptor.ClassBasedTestDescriptor.invokeTestInstancePostProcessors(ClassBasedTestDescriptor.java:362)
	at org.junit.jupiter.engine.descriptor.ClassBasedTestDescriptor.lambda$instantiateAndPostProcessTestInstance$6(ClassBasedTestDescriptor.java:283)
	at org.junit.platform.engine.support.hierarchical.ThrowableCollector.execute(ThrowableCollector.java:73)
	at org.junit.jupiter.engine.descriptor.ClassBasedTestDescriptor.instantiateAndPostProcessTestInstance(ClassBasedTestDescriptor.java:282)
	at org.junit.jupiter.engine.descriptor.ClassBasedTestDescriptor.lambda$testInstancesProvider$4(ClassBasedTestDescriptor.java:272)
	at java.base/java.util.Optional.orElseGet(Optional.java:369)
	at org.junit.jupiter.engine.descriptor.ClassBasedTestDescriptor.lambda$testInstancesProvider$5(ClassBasedTestDescriptor.java:271)
	at org.junit.jupiter.engine.execution.TestInstancesProvider.getTestInstances(TestInstancesProvider.java:31)
	at org.junit.jupiter.engine.descriptor.TestMethodTestDescriptor.lambda$prepare$0(TestMethodTestDescriptor.java:102)
	at org.junit.platform.engine.support.hierarchical.ThrowableCollector.execute(ThrowableCollector.java:73)
	at org.junit.jupiter.engine.descriptor.TestMethodTestDescriptor.prepare(TestMethodTestDescriptor.java:101)
	at org.junit.jupiter.engine.descriptor.TestMethodTestDescriptor.prepare(TestMethodTestDescriptor.java:66)
	at org.junit.platform.engine.support.hierarchical.NodeTestTask.lambda$prepare$2(NodeTestTask.java:123)
	at org.junit.platform.engine.support.hierarchical.ThrowableCollector.execute(ThrowableCollector.java:73)
	at org.junit.platform.engine.support.hierarchical.NodeTestTask.prepare(NodeTestTask.java:123)
	at org.junit.platform.engine.support.hierarchical.NodeTestTask.execute(NodeTestTask.java:90)
	at java.base/java.util.ArrayList.forEach(ArrayList.java:1541)
	at org.junit.platform.engine.support.hierarchical.SameThreadHierarchicalTestExecutorService.invokeAll(SameThreadHierarchicalTestExecutorService.java:41)
	at org.junit.platform.engine.support.hierarchical.NodeTestTask.lambda$executeRecursively$6(NodeTestTask.java:155)
	at org.junit.platform.engine.support.hierarchical.ThrowableCollector.execute(ThrowableCollector.java:73)
	at org.junit.platform.engine.support.hierarchical.NodeTestTask.lambda$executeRecursively$8(NodeTestTask.java:141)
	at org.junit.platform.engine.support.hierarchical.Node.around(Node.java:137)
	at org.junit.platform.engine.support.hierarchical.NodeTestTask.lambda$executeRecursively$9(NodeTestTask.java:139)
	at org.junit.platform.engine.support.hierarchical.ThrowableCollector.execute(ThrowableCollector.java:73)
	at org.junit.platform.engine.support.hierarchical.NodeTestTask.executeRecursively(NodeTestTask.java:138)
	at org.junit.platform.engine.support.hierarchical.NodeTestTask.execute(NodeTestTask.java:95)
	at java.base/java.util.ArrayList.forEach(ArrayList.java:1541)
	at org.junit.platform.engine.support.hierarchical.SameThreadHierarchicalTestExecutorService.invokeAll(SameThreadHierarchicalTestExecutorService.java:41)
	at org.junit.platform.engine.support.hierarchical.NodeTestTask.lambda$executeRecursively$6(NodeTestTask.java:155)
	at org.junit.platform.engine.support.hierarchical.ThrowableCollector.execute(ThrowableCollector.java:73)
	at org.junit.platform.engine.support.hierarchical.NodeTestTask.lambda$executeRecursively$8(NodeTestTask.java:141)
	at org.junit.platform.engine.support.hierarchical.Node.around(Node.java:137)
	at org.junit.platform.engine.support.hierarchical.NodeTestTask.lambda$executeRecursively$9(NodeTestTask.java:139)
	at org.junit.platform.engine.support.hierarchical.ThrowableCollector.execute(ThrowableCollector.java:73)
	at org.junit.platform.engine.support.hierarchical.NodeTestTask.executeRecursively(NodeTestTask.java:138)
	at org.junit.platform.engine.support.hierarchical.NodeTestTask.execute(NodeTestTask.java:95)
	at org.junit.platform.engine.support.hierarchical.SameThreadHierarchicalTestExecutorService.submit(SameThreadHierarchicalTestExecutorService.java:35)
	at org.junit.platform.engine.support.hierarchical.HierarchicalTestExecutor.execute(HierarchicalTestExecutor.java:57)
	at org.junit.platform.engine.support.hierarchical.HierarchicalTestEngine.execute(HierarchicalTestEngine.java:54)
	at org.junit.platform.launcher.core.EngineExecutionOrchestrator.execute(EngineExecutionOrchestrator.java:107)
	at org.junit.platform.launcher.core.EngineExecutionOrchestrator.execute(EngineExecutionOrchestrator.java:88)
	at org.junit.platform.launcher.core.EngineExecutionOrchestrator.lambda$execute$0(EngineExecutionOrchestrator.java:54)
	at org.junit.platform.launcher.core.EngineExecutionOrchestrator.withInterceptedStreams(EngineExecutionOrchestrator.java:67)
	at org.junit.platform.launcher.core.EngineExecutionOrchestrator.execute(EngineExecutionOrchestrator.java:52)
	at org.junit.platform.launcher.core.DefaultLauncher.execute(DefaultLauncher.java:114)
	at org.junit.platform.launcher.core.DefaultLauncher.execute(DefaultLauncher.java:86)
	at org.junit.platform.launcher.core.DefaultLauncherSession$DelegatingLauncher.execute(DefaultLauncherSession.java:86)
	at org.junit.platform.launcher.core.SessionPerRequestLauncher.execute(SessionPerRequestLauncher.java:53)
	at com.intellij.junit5.JUnit5IdeaTestRunner.startRunnerWithArgs(JUnit5IdeaTestRunner.java:71)
	at com.intellij.rt.junit.IdeaTestRunner$Repeater$1.execute(IdeaTestRunner.java:38)
	at com.intellij.rt.execution.junit.TestsRepeater.repeat(TestsRepeater.java:11)
	at com.intellij.rt.junit.IdeaTestRunner$Repeater.startRunnerWithArgs(IdeaTestRunner.java:35)
	at com.intellij.rt.junit.JUnitStarter.prepareStreamsAndStart(JUnitStarter.java:235)
	at com.intellij.rt.junit.JUnitStarter.main(JUnitStarter.java:54)
Caused by: java.lang.IllegalStateException: Neither GenericXmlContextLoader nor AnnotationConfigContextLoader was able to load an ApplicationContext from [MergedContextConfiguration@b7c4869 testClass = ScoresTest, locations = '{}', classes = '{}', contextInitializerClasses = '[]', activeProfiles = '{}', propertySourceLocations = '{}', propertySourceProperties = '{}', contextCustomizers = set[[empty]], contextLoader = 'org.springframework.test.context.support.DelegatingSmartContextLoader', parent = [null]].
	at org.springframework.test.context.support.AbstractDelegatingSmartContextLoader.loadContext(AbstractDelegatingSmartContextLoader.java:255)
	at org.springframework.test.context.cache.DefaultCacheAwareContextLoaderDelegate.loadContextInternal(DefaultCacheAwareContextLoaderDelegate.java:99)
	at org.springframework.test.context.cache.DefaultCacheAwareContextLoaderDelegate.loadContext(DefaultCacheAwareContextLoaderDelegate.java:124)
	... 71 common frames omitted
13:07:03.218 [main] ERROR o.s.test.context.TestContextManager - Caught exception while allowing TestExecutionListener [org.springframework.test.context.support.DependencyInjectionTestExecutionListener@32c726ee] to prepare test instance [com.nhnacademy.edu.springframework.project.repository.ScoresTest@7b94089b]
java.lang.IllegalStateException: Failed to load ApplicationContext
	at org.springframework.test.context.cache.DefaultCacheAwareContextLoaderDelegate.loadContext(DefaultCacheAwareContextLoaderDelegate.java:132)
	at org.springframework.test.context.support.DefaultTestContext.getApplicationContext(DefaultTestContext.java:124)
	at org.springframework.test.context.support.DependencyInjectionTestExecutionListener.injectDependencies(DependencyInjectionTestExecutionListener.java:118)
	at org.springframework.test.context.support.DependencyInjectionTestExecutionListener.prepareTestInstance(DependencyInjectionTestExecutionListener.java:83)
	at org.springframework.test.context.TestContextManager.prepareTestInstance(TestContextManager.java:248)
	at org.springframework.test.context.junit.jupiter.SpringExtension.postProcessTestInstance(SpringExtension.java:138)
	at org.junit.jupiter.engine.descriptor.ClassBasedTestDescriptor.lambda$invokeTestInstancePostProcessors$8(ClassBasedTestDescriptor.java:363)
	at org.junit.jupiter.engine.descriptor.ClassBasedTestDescriptor.executeAndMaskThrowable(ClassBasedTestDescriptor.java:368)
	at org.junit.jupiter.engine.descriptor.ClassBasedTestDescriptor.lambda$invokeTestInstancePostProcessors$9(ClassBasedTestDescriptor.java:363)
	at java.base/java.util.stream.ReferencePipeline$3$1.accept(ReferencePipeline.java:195)
	at java.base/java.util.stream.ReferencePipeline$2$1.accept(ReferencePipeline.java:177)
	at java.base/java.util.ArrayList$ArrayListSpliterator.forEachRemaining(ArrayList.java:1655)
	at java.base/java.util.stream.AbstractPipeline.copyInto(AbstractPipeline.java:484)
	at java.base/java.util.stream.AbstractPipeline.wrapAndCopyInto(AbstractPipeline.java:474)
	at java.base/java.util.stream.StreamSpliterators$WrappingSpliterator.forEachRemaining(StreamSpliterators.java:312)
	at java.base/java.util.stream.Streams$ConcatSpliterator.forEachRemaining(Streams.java:735)
	at java.base/java.util.stream.Streams$ConcatSpliterator.forEachRemaining(Streams.java:734)
	at java.base/java.util.stream.ReferencePipeline$Head.forEach(ReferencePipeline.java:658)
	at org.junit.jupiter.engine.descriptor.ClassBasedTestDescriptor.invokeTestInstancePostProcessors(ClassBasedTestDescriptor.java:362)
	at org.junit.jupiter.engine.descriptor.ClassBasedTestDescriptor.lambda$instantiateAndPostProcessTestInstance$6(ClassBasedTestDescriptor.java:283)
	at org.junit.platform.engine.support.hierarchical.ThrowableCollector.execute(ThrowableCollector.java:73)
	at org.junit.jupiter.engine.descriptor.ClassBasedTestDescriptor.instantiateAndPostProcessTestInstance(ClassBasedTestDescriptor.java:282)
	at org.junit.jupiter.engine.descriptor.ClassBasedTestDescriptor.lambda$testInstancesProvider$4(ClassBasedTestDescriptor.java:272)
	at java.base/java.util.Optional.orElseGet(Optional.java:369)
	at org.junit.jupiter.engine.descriptor.ClassBasedTestDescriptor.lambda$testInstancesProvider$5(ClassBasedTestDescriptor.java:271)
	at org.junit.jupiter.engine.execution.TestInstancesProvider.getTestInstances(TestInstancesProvider.java:31)
	at org.junit.jupiter.engine.descriptor.TestMethodTestDescriptor.lambda$prepare$0(TestMethodTestDescriptor.java:102)
	at org.junit.platform.engine.support.hierarchical.ThrowableCollector.execute(ThrowableCollector.java:73)
	at org.junit.jupiter.engine.descriptor.TestMethodTestDescriptor.prepare(TestMethodTestDescriptor.java:101)
	at org.junit.jupiter.engine.descriptor.TestMethodTestDescriptor.prepare(TestMethodTestDescriptor.java:66)
	at org.junit.platform.engine.support.hierarchical.NodeTestTask.lambda$prepare$2(NodeTestTask.java:123)
	at org.junit.platform.engine.support.hierarchical.ThrowableCollector.execute(ThrowableCollector.java:73)
	at org.junit.platform.engine.support.hierarchical.NodeTestTask.prepare(NodeTestTask.java:123)
	at org.junit.platform.engine.support.hierarchical.NodeTestTask.execute(NodeTestTask.java:90)
	at java.base/java.util.ArrayList.forEach(ArrayList.java:1541)
	at org.junit.platform.engine.support.hierarchical.SameThreadHierarchicalTestExecutorService.invokeAll(SameThreadHierarchicalTestExecutorService.java:41)
	at org.junit.platform.engine.support.hierarchical.NodeTestTask.lambda$executeRecursively$6(NodeTestTask.java:155)
	at org.junit.platform.engine.support.hierarchical.ThrowableCollector.execute(ThrowableCollector.java:73)
	at org.junit.platform.engine.support.hierarchical.NodeTestTask.lambda$executeRecursively$8(NodeTestTask.java:141)
	at org.junit.platform.engine.support.hierarchical.Node.around(Node.java:137)
	at org.junit.platform.engine.support.hierarchical.NodeTestTask.lambda$executeRecursively$9(NodeTestTask.java:139)
	at org.junit.platform.engine.support.hierarchical.ThrowableCollector.execute(ThrowableCollector.java:73)
	at org.junit.platform.engine.support.hierarchical.NodeTestTask.executeRecursively(NodeTestTask.java:138)
	at org.junit.platform.engine.support.hierarchical.NodeTestTask.execute(NodeTestTask.java:95)
	at java.base/java.util.ArrayList.forEach(ArrayList.java:1541)
	at org.junit.platform.engine.support.hierarchical.SameThreadHierarchicalTestExecutorService.invokeAll(SameThreadHierarchicalTestExecutorService.java:41)
	at org.junit.platform.engine.support.hierarchical.NodeTestTask.lambda$executeRecursively$6(NodeTestTask.java:155)
	at org.junit.platform.engine.support.hierarchical.ThrowableCollector.execute(ThrowableCollector.java:73)
	at org.junit.platform.engine.support.hierarchical.NodeTestTask.lambda$executeRecursively$8(NodeTestTask.java:141)
	at org.junit.platform.engine.support.hierarchical.Node.around(Node.java:137)
	at org.junit.platform.engine.support.hierarchical.NodeTestTask.lambda$executeRecursively$9(NodeTestTask.java:139)
	at org.junit.platform.engine.support.hierarchical.ThrowableCollector.execute(ThrowableCollector.java:73)
	at org.junit.platform.engine.support.hierarchical.NodeTestTask.executeRecursively(NodeTestTask.java:138)
	at org.junit.platform.engine.support.hierarchical.NodeTestTask.execute(NodeTestTask.java:95)
	at org.junit.platform.engine.support.hierarchical.SameThreadHierarchicalTestExecutorService.submit(SameThreadHierarchicalTestExecutorService.java:35)
	at org.junit.platform.engine.support.hierarchical.HierarchicalTestExecutor.execute(HierarchicalTestExecutor.java:57)
	at org.junit.platform.engine.support.hierarchical.HierarchicalTestEngine.execute(HierarchicalTestEngine.java:54)
	at org.junit.platform.launcher.core.EngineExecutionOrchestrator.execute(EngineExecutionOrchestrator.java:107)
	at org.junit.platform.launcher.core.EngineExecutionOrchestrator.execute(EngineExecutionOrchestrator.java:88)
	at org.junit.platform.launcher.core.EngineExecutionOrchestrator.lambda$execute$0(EngineExecutionOrchestrator.java:54)
	at org.junit.platform.launcher.core.EngineExecutionOrchestrator.withInterceptedStreams(EngineExecutionOrchestrator.java:67)
	at org.junit.platform.launcher.core.EngineExecutionOrchestrator.execute(EngineExecutionOrchestrator.java:52)
	at org.junit.platform.launcher.core.DefaultLauncher.execute(DefaultLauncher.java:114)
	at org.junit.platform.launcher.core.DefaultLauncher.execute(DefaultLauncher.java:86)
	at org.junit.platform.launcher.core.DefaultLauncherSession$DelegatingLauncher.execute(DefaultLauncherSession.java:86)
	at org.junit.platform.launcher.core.SessionPerRequestLauncher.execute(SessionPerRequestLauncher.java:53)
	at com.intellij.junit5.JUnit5IdeaTestRunner.startRunnerWithArgs(JUnit5IdeaTestRunner.java:71)
	at com.intellij.rt.junit.IdeaTestRunner$Repeater$1.execute(IdeaTestRunner.java:38)
	at com.intellij.rt.execution.junit.TestsRepeater.repeat(TestsRepeater.java:11)
	at com.intellij.rt.junit.IdeaTestRunner$Repeater.startRunnerWithArgs(IdeaTestRunner.java:35)
	at com.intellij.rt.junit.JUnitStarter.prepareStreamsAndStart(JUnitStarter.java:235)
	at com.intellij.rt.junit.JUnitStarter.main(JUnitStarter.java:54)
Caused by: java.lang.IllegalStateException: Neither GenericXmlContextLoader nor AnnotationConfigContextLoader was able to load an ApplicationContext from [MergedContextConfiguration@b7c4869 testClass = ScoresTest, locations = '{}', classes = '{}', contextInitializerClasses = '[]', activeProfiles = '{}', propertySourceLocations = '{}', propertySourceProperties = '{}', contextCustomizers = set[[empty]], contextLoader = 'org.springframework.test.context.support.DelegatingSmartContextLoader', parent = [null]].
	at org.springframework.test.context.support.AbstractDelegatingSmartContextLoader.loadContext(AbstractDelegatingSmartContextLoader.java:255)
	at org.springframework.test.context.cache.DefaultCacheAwareContextLoaderDelegate.loadContextInternal(DefaultCacheAwareContextLoaderDelegate.java:99)
	at org.springframework.test.context.cache.DefaultCacheAwareContextLoaderDelegate.loadContext(DefaultCacheAwareContextLoaderDelegate.java:124)
	... 71 common frames omitted
13:08:01.602 [main] INFO  o.s.t.c.s.DefaultTestContextBootstrapper - Neither @ContextConfiguration nor @ContextHierarchy found for test class [com.nhnacademy.edu.springframework.project.repository.ScoresTest], using DelegatingSmartContextLoader
13:08:01.621 [main] INFO  o.s.t.c.s.AbstractContextLoader - Could not detect default resource locations for test class [com.nhnacademy.edu.springframework.project.repository.ScoresTest]: no resource found for suffixes {-context.xml}.
13:08:01.623 [main] INFO  o.s.t.c.s.AnnotationConfigContextLoaderUtils - Could not detect default configuration classes for test class [com.nhnacademy.edu.springframework.project.repository.ScoresTest]: ScoresTest does not declare any static, non-private, non-final, nested classes annotated with @Configuration.
13:08:01.670 [main] INFO  o.s.t.c.s.DefaultTestContextBootstrapper - Loaded default TestExecutionListener class names from location [META-INF/spring.factories]: [org.springframework.test.context.web.ServletTestExecutionListener, org.springframework.test.context.support.DirtiesContextBeforeModesTestExecutionListener, org.springframework.test.context.event.ApplicationEventsTestExecutionListener, org.springframework.test.context.support.DependencyInjectionTestExecutionListener, org.springframework.test.context.support.DirtiesContextTestExecutionListener, org.springframework.test.context.transaction.TransactionalTestExecutionListener, org.springframework.test.context.jdbc.SqlScriptsTestExecutionListener, org.springframework.test.context.event.EventPublishingTestExecutionListener]
13:08:01.678 [main] INFO  o.s.t.c.s.DefaultTestContextBootstrapper - Using TestExecutionListeners: [org.springframework.test.context.support.DirtiesContextBeforeModesTestExecutionListener@7fb95505, org.springframework.test.context.event.ApplicationEventsTestExecutionListener@58be6e8, org.springframework.test.context.support.DependencyInjectionTestExecutionListener@7331196b, org.springframework.test.context.support.DirtiesContextTestExecutionListener@3f9342d4, org.springframework.test.context.event.EventPublishingTestExecutionListener@ab7395e]
13:08:01.693 [main] ERROR o.s.test.context.TestContextManager - Caught exception while allowing TestExecutionListener [org.springframework.test.context.support.DependencyInjectionTestExecutionListener@7331196b] to prepare test instance [com.nhnacademy.edu.springframework.project.repository.ScoresTest@539d019]
java.lang.IllegalStateException: Failed to load ApplicationContext
	at org.springframework.test.context.cache.DefaultCacheAwareContextLoaderDelegate.loadContext(DefaultCacheAwareContextLoaderDelegate.java:132)
	at org.springframework.test.context.support.DefaultTestContext.getApplicationContext(DefaultTestContext.java:124)
	at org.springframework.test.context.support.DependencyInjectionTestExecutionListener.injectDependencies(DependencyInjectionTestExecutionListener.java:118)
	at org.springframework.test.context.support.DependencyInjectionTestExecutionListener.prepareTestInstance(DependencyInjectionTestExecutionListener.java:83)
	at org.springframework.test.context.TestContextManager.prepareTestInstance(TestContextManager.java:248)
	at org.springframework.test.context.junit.jupiter.SpringExtension.postProcessTestInstance(SpringExtension.java:138)
	at org.junit.jupiter.engine.descriptor.ClassBasedTestDescriptor.lambda$invokeTestInstancePostProcessors$8(ClassBasedTestDescriptor.java:363)
	at org.junit.jupiter.engine.descriptor.ClassBasedTestDescriptor.executeAndMaskThrowable(ClassBasedTestDescriptor.java:368)
	at org.junit.jupiter.engine.descriptor.ClassBasedTestDescriptor.lambda$invokeTestInstancePostProcessors$9(ClassBasedTestDescriptor.java:363)
	at java.base/java.util.stream.ReferencePipeline$3$1.accept(ReferencePipeline.java:195)
	at java.base/java.util.stream.ReferencePipeline$2$1.accept(ReferencePipeline.java:177)
	at java.base/java.util.ArrayList$ArrayListSpliterator.forEachRemaining(ArrayList.java:1655)
	at java.base/java.util.stream.AbstractPipeline.copyInto(AbstractPipeline.java:484)
	at java.base/java.util.stream.AbstractPipeline.wrapAndCopyInto(AbstractPipeline.java:474)
	at java.base/java.util.stream.StreamSpliterators$WrappingSpliterator.forEachRemaining(StreamSpliterators.java:312)
	at java.base/java.util.stream.Streams$ConcatSpliterator.forEachRemaining(Streams.java:735)
	at java.base/java.util.stream.ReferencePipeline$Head.forEach(ReferencePipeline.java:658)
	at org.junit.jupiter.engine.descriptor.ClassBasedTestDescriptor.invokeTestInstancePostProcessors(ClassBasedTestDescriptor.java:362)
	at org.junit.jupiter.engine.descriptor.ClassBasedTestDescriptor.lambda$instantiateAndPostProcessTestInstance$6(ClassBasedTestDescriptor.java:283)
	at org.junit.platform.engine.support.hierarchical.ThrowableCollector.execute(ThrowableCollector.java:73)
	at org.junit.jupiter.engine.descriptor.ClassBasedTestDescriptor.instantiateAndPostProcessTestInstance(ClassBasedTestDescriptor.java:282)
	at org.junit.jupiter.engine.descriptor.ClassBasedTestDescriptor.lambda$testInstancesProvider$4(ClassBasedTestDescriptor.java:272)
	at java.base/java.util.Optional.orElseGet(Optional.java:369)
	at org.junit.jupiter.engine.descriptor.ClassBasedTestDescriptor.lambda$testInstancesProvider$5(ClassBasedTestDescriptor.java:271)
	at org.junit.jupiter.engine.execution.TestInstancesProvider.getTestInstances(TestInstancesProvider.java:31)
	at org.junit.jupiter.engine.descriptor.ClassBasedTestDescriptor.lambda$before$2(ClassBasedTestDescriptor.java:197)
	at org.junit.platform.engine.support.hierarchical.ThrowableCollector.execute(ThrowableCollector.java:73)
	at org.junit.jupiter.engine.descriptor.ClassBasedTestDescriptor.before(ClassBasedTestDescriptor.java:196)
	at org.junit.jupiter.engine.descriptor.ClassBasedTestDescriptor.before(ClassBasedTestDescriptor.java:80)
	at org.junit.platform.engine.support.hierarchical.NodeTestTask.lambda$executeRecursively$6(NodeTestTask.java:148)
	at org.junit.platform.engine.support.hierarchical.ThrowableCollector.execute(ThrowableCollector.java:73)
	at org.junit.platform.engine.support.hierarchical.NodeTestTask.lambda$executeRecursively$8(NodeTestTask.java:141)
	at org.junit.platform.engine.support.hierarchical.Node.around(Node.java:137)
	at org.junit.platform.engine.support.hierarchical.NodeTestTask.lambda$executeRecursively$9(NodeTestTask.java:139)
	at org.junit.platform.engine.support.hierarchical.ThrowableCollector.execute(ThrowableCollector.java:73)
	at org.junit.platform.engine.support.hierarchical.NodeTestTask.executeRecursively(NodeTestTask.java:138)
	at org.junit.platform.engine.support.hierarchical.NodeTestTask.execute(NodeTestTask.java:95)
	at java.base/java.util.ArrayList.forEach(ArrayList.java:1541)
	at org.junit.platform.engine.support.hierarchical.SameThreadHierarchicalTestExecutorService.invokeAll(SameThreadHierarchicalTestExecutorService.java:41)
	at org.junit.platform.engine.support.hierarchical.NodeTestTask.lambda$executeRecursively$6(NodeTestTask.java:155)
	at org.junit.platform.engine.support.hierarchical.ThrowableCollector.execute(ThrowableCollector.java:73)
	at org.junit.platform.engine.support.hierarchical.NodeTestTask.lambda$executeRecursively$8(NodeTestTask.java:141)
	at org.junit.platform.engine.support.hierarchical.Node.around(Node.java:137)
	at org.junit.platform.engine.support.hierarchical.NodeTestTask.lambda$executeRecursively$9(NodeTestTask.java:139)
	at org.junit.platform.engine.support.hierarchical.ThrowableCollector.execute(ThrowableCollector.java:73)
	at org.junit.platform.engine.support.hierarchical.NodeTestTask.executeRecursively(NodeTestTask.java:138)
	at org.junit.platform.engine.support.hierarchical.NodeTestTask.execute(NodeTestTask.java:95)
	at org.junit.platform.engine.support.hierarchical.SameThreadHierarchicalTestExecutorService.submit(SameThreadHierarchicalTestExecutorService.java:35)
	at org.junit.platform.engine.support.hierarchical.HierarchicalTestExecutor.execute(HierarchicalTestExecutor.java:57)
	at org.junit.platform.engine.support.hierarchical.HierarchicalTestEngine.execute(HierarchicalTestEngine.java:54)
	at org.junit.platform.launcher.core.EngineExecutionOrchestrator.execute(EngineExecutionOrchestrator.java:107)
	at org.junit.platform.launcher.core.EngineExecutionOrchestrator.execute(EngineExecutionOrchestrator.java:88)
	at org.junit.platform.launcher.core.EngineExecutionOrchestrator.lambda$execute$0(EngineExecutionOrchestrator.java:54)
	at org.junit.platform.launcher.core.EngineExecutionOrchestrator.withInterceptedStreams(EngineExecutionOrchestrator.java:67)
	at org.junit.platform.launcher.core.EngineExecutionOrchestrator.execute(EngineExecutionOrchestrator.java:52)
	at org.junit.platform.launcher.core.DefaultLauncher.execute(DefaultLauncher.java:114)
	at org.junit.platform.launcher.core.DefaultLauncher.execute(DefaultLauncher.java:86)
	at org.junit.platform.launcher.core.DefaultLauncherSession$DelegatingLauncher.execute(DefaultLauncherSession.java:86)
	at org.junit.platform.launcher.core.SessionPerRequestLauncher.execute(SessionPerRequestLauncher.java:53)
	at com.intellij.junit5.JUnit5IdeaTestRunner.startRunnerWithArgs(JUnit5IdeaTestRunner.java:71)
	at com.intellij.rt.junit.IdeaTestRunner$Repeater$1.execute(IdeaTestRunner.java:38)
	at com.intellij.rt.execution.junit.TestsRepeater.repeat(TestsRepeater.java:11)
	at com.intellij.rt.junit.IdeaTestRunner$Repeater.startRunnerWithArgs(IdeaTestRunner.java:35)
	at com.intellij.rt.junit.JUnitStarter.prepareStreamsAndStart(JUnitStarter.java:235)
	at com.intellij.rt.junit.JUnitStarter.main(JUnitStarter.java:54)
Caused by: java.lang.IllegalStateException: Neither GenericXmlContextLoader nor AnnotationConfigContextLoader was able to load an ApplicationContext from [MergedContextConfiguration@13330ac6 testClass = ScoresTest, locations = '{}', classes = '{}', contextInitializerClasses = '[]', activeProfiles = '{}', propertySourceLocations = '{}', propertySourceProperties = '{}', contextCustomizers = set[[empty]], contextLoader = 'org.springframework.test.context.support.DelegatingSmartContextLoader', parent = [null]].
	at org.springframework.test.context.support.AbstractDelegatingSmartContextLoader.loadContext(AbstractDelegatingSmartContextLoader.java:255)
	at org.springframework.test.context.cache.DefaultCacheAwareContextLoaderDelegate.loadContextInternal(DefaultCacheAwareContextLoaderDelegate.java:99)
	at org.springframework.test.context.cache.DefaultCacheAwareContextLoaderDelegate.loadContext(DefaultCacheAwareContextLoaderDelegate.java:124)
	... 64 common frames omitted
13:08:49.713 [main] INFO  o.s.t.c.s.DefaultTestContextBootstrapper - Neither @ContextConfiguration nor @ContextHierarchy found for test class [com.nhnacademy.edu.springframework.project.repository.ScoresTest], using DelegatingSmartContextLoader
13:08:49.740 [main] INFO  o.s.t.c.s.AbstractContextLoader - Could not detect default resource locations for test class [com.nhnacademy.edu.springframework.project.repository.ScoresTest]: no resource found for suffixes {-context.xml}.
13:08:49.743 [main] INFO  o.s.t.c.s.AnnotationConfigContextLoaderUtils - Could not detect default configuration classes for test class [com.nhnacademy.edu.springframework.project.repository.ScoresTest]: ScoresTest does not declare any static, non-private, non-final, nested classes annotated with @Configuration.
13:08:49.792 [main] INFO  o.s.t.c.s.DefaultTestContextBootstrapper - Loaded default TestExecutionListener class names from location [META-INF/spring.factories]: [org.springframework.test.context.web.ServletTestExecutionListener, org.springframework.test.context.support.DirtiesContextBeforeModesTestExecutionListener, org.springframework.test.context.event.ApplicationEventsTestExecutionListener, org.springframework.test.context.support.DependencyInjectionTestExecutionListener, org.springframework.test.context.support.DirtiesContextTestExecutionListener, org.springframework.test.context.transaction.TransactionalTestExecutionListener, org.springframework.test.context.jdbc.SqlScriptsTestExecutionListener, org.springframework.test.context.event.EventPublishingTestExecutionListener]
13:08:49.804 [main] INFO  o.s.t.c.s.DefaultTestContextBootstrapper - Using TestExecutionListeners: [org.springframework.test.context.support.DirtiesContextBeforeModesTestExecutionListener@7fb95505, org.springframework.test.context.event.ApplicationEventsTestExecutionListener@58be6e8, org.springframework.test.context.support.DependencyInjectionTestExecutionListener@7331196b, org.springframework.test.context.support.DirtiesContextTestExecutionListener@3f9342d4, org.springframework.test.context.event.EventPublishingTestExecutionListener@ab7395e]
13:08:49.813 [main] ERROR o.s.test.context.TestContextManager - Caught exception while allowing TestExecutionListener [org.springframework.test.context.support.DependencyInjectionTestExecutionListener@7331196b] to prepare test instance [com.nhnacademy.edu.springframework.project.repository.ScoresTest@539d019]
java.lang.IllegalStateException: Failed to load ApplicationContext
	at org.springframework.test.context.cache.DefaultCacheAwareContextLoaderDelegate.loadContext(DefaultCacheAwareContextLoaderDelegate.java:132)
	at org.springframework.test.context.support.DefaultTestContext.getApplicationContext(DefaultTestContext.java:124)
	at org.springframework.test.context.support.DependencyInjectionTestExecutionListener.injectDependencies(DependencyInjectionTestExecutionListener.java:118)
	at org.springframework.test.context.support.DependencyInjectionTestExecutionListener.prepareTestInstance(DependencyInjectionTestExecutionListener.java:83)
	at org.springframework.test.context.TestContextManager.prepareTestInstance(TestContextManager.java:248)
	at org.springframework.test.context.junit.jupiter.SpringExtension.postProcessTestInstance(SpringExtension.java:138)
	at org.junit.jupiter.engine.descriptor.ClassBasedTestDescriptor.lambda$invokeTestInstancePostProcessors$8(ClassBasedTestDescriptor.java:363)
	at org.junit.jupiter.engine.descriptor.ClassBasedTestDescriptor.executeAndMaskThrowable(ClassBasedTestDescriptor.java:368)
	at org.junit.jupiter.engine.descriptor.ClassBasedTestDescriptor.lambda$invokeTestInstancePostProcessors$9(ClassBasedTestDescriptor.java:363)
	at java.base/java.util.stream.ReferencePipeline$3$1.accept(ReferencePipeline.java:195)
	at java.base/java.util.stream.ReferencePipeline$2$1.accept(ReferencePipeline.java:177)
	at java.base/java.util.ArrayList$ArrayListSpliterator.forEachRemaining(ArrayList.java:1655)
	at java.base/java.util.stream.AbstractPipeline.copyInto(AbstractPipeline.java:484)
	at java.base/java.util.stream.AbstractPipeline.wrapAndCopyInto(AbstractPipeline.java:474)
	at java.base/java.util.stream.StreamSpliterators$WrappingSpliterator.forEachRemaining(StreamSpliterators.java:312)
	at java.base/java.util.stream.Streams$ConcatSpliterator.forEachRemaining(Streams.java:735)
	at java.base/java.util.stream.ReferencePipeline$Head.forEach(ReferencePipeline.java:658)
	at org.junit.jupiter.engine.descriptor.ClassBasedTestDescriptor.invokeTestInstancePostProcessors(ClassBasedTestDescriptor.java:362)
	at org.junit.jupiter.engine.descriptor.ClassBasedTestDescriptor.lambda$instantiateAndPostProcessTestInstance$6(ClassBasedTestDescriptor.java:283)
	at org.junit.platform.engine.support.hierarchical.ThrowableCollector.execute(ThrowableCollector.java:73)
	at org.junit.jupiter.engine.descriptor.ClassBasedTestDescriptor.instantiateAndPostProcessTestInstance(ClassBasedTestDescriptor.java:282)
	at org.junit.jupiter.engine.descriptor.ClassBasedTestDescriptor.lambda$testInstancesProvider$4(ClassBasedTestDescriptor.java:272)
	at java.base/java.util.Optional.orElseGet(Optional.java:369)
	at org.junit.jupiter.engine.descriptor.ClassBasedTestDescriptor.lambda$testInstancesProvider$5(ClassBasedTestDescriptor.java:271)
	at org.junit.jupiter.engine.execution.TestInstancesProvider.getTestInstances(TestInstancesProvider.java:31)
	at org.junit.jupiter.engine.descriptor.ClassBasedTestDescriptor.lambda$before$2(ClassBasedTestDescriptor.java:197)
	at org.junit.platform.engine.support.hierarchical.ThrowableCollector.execute(ThrowableCollector.java:73)
	at org.junit.jupiter.engine.descriptor.ClassBasedTestDescriptor.before(ClassBasedTestDescriptor.java:196)
	at org.junit.jupiter.engine.descriptor.ClassBasedTestDescriptor.before(ClassBasedTestDescriptor.java:80)
	at org.junit.platform.engine.support.hierarchical.NodeTestTask.lambda$executeRecursively$6(NodeTestTask.java:148)
	at org.junit.platform.engine.support.hierarchical.ThrowableCollector.execute(ThrowableCollector.java:73)
	at org.junit.platform.engine.support.hierarchical.NodeTestTask.lambda$executeRecursively$8(NodeTestTask.java:141)
	at org.junit.platform.engine.support.hierarchical.Node.around(Node.java:137)
	at org.junit.platform.engine.support.hierarchical.NodeTestTask.lambda$executeRecursively$9(NodeTestTask.java:139)
	at org.junit.platform.engine.support.hierarchical.ThrowableCollector.execute(ThrowableCollector.java:73)
	at org.junit.platform.engine.support.hierarchical.NodeTestTask.executeRecursively(NodeTestTask.java:138)
	at org.junit.platform.engine.support.hierarchical.NodeTestTask.execute(NodeTestTask.java:95)
	at java.base/java.util.ArrayList.forEach(ArrayList.java:1541)
	at org.junit.platform.engine.support.hierarchical.SameThreadHierarchicalTestExecutorService.invokeAll(SameThreadHierarchicalTestExecutorService.java:41)
	at org.junit.platform.engine.support.hierarchical.NodeTestTask.lambda$executeRecursively$6(NodeTestTask.java:155)
	at org.junit.platform.engine.support.hierarchical.ThrowableCollector.execute(ThrowableCollector.java:73)
	at org.junit.platform.engine.support.hierarchical.NodeTestTask.lambda$executeRecursively$8(NodeTestTask.java:141)
	at org.junit.platform.engine.support.hierarchical.Node.around(Node.java:137)
	at org.junit.platform.engine.support.hierarchical.NodeTestTask.lambda$executeRecursively$9(NodeTestTask.java:139)
	at org.junit.platform.engine.support.hierarchical.ThrowableCollector.execute(ThrowableCollector.java:73)
	at org.junit.platform.engine.support.hierarchical.NodeTestTask.executeRecursively(NodeTestTask.java:138)
	at org.junit.platform.engine.support.hierarchical.NodeTestTask.execute(NodeTestTask.java:95)
	at org.junit.platform.engine.support.hierarchical.SameThreadHierarchicalTestExecutorService.submit(SameThreadHierarchicalTestExecutorService.java:35)
	at org.junit.platform.engine.support.hierarchical.HierarchicalTestExecutor.execute(HierarchicalTestExecutor.java:57)
	at org.junit.platform.engine.support.hierarchical.HierarchicalTestEngine.execute(HierarchicalTestEngine.java:54)
	at org.junit.platform.launcher.core.EngineExecutionOrchestrator.execute(EngineExecutionOrchestrator.java:107)
	at org.junit.platform.launcher.core.EngineExecutionOrchestrator.execute(EngineExecutionOrchestrator.java:88)
	at org.junit.platform.launcher.core.EngineExecutionOrchestrator.lambda$execute$0(EngineExecutionOrchestrator.java:54)
	at org.junit.platform.launcher.core.EngineExecutionOrchestrator.withInterceptedStreams(EngineExecutionOrchestrator.java:67)
	at org.junit.platform.launcher.core.EngineExecutionOrchestrator.execute(EngineExecutionOrchestrator.java:52)
	at org.junit.platform.launcher.core.DefaultLauncher.execute(DefaultLauncher.java:114)
	at org.junit.platform.launcher.core.DefaultLauncher.execute(DefaultLauncher.java:86)
	at org.junit.platform.launcher.core.DefaultLauncherSession$DelegatingLauncher.execute(DefaultLauncherSession.java:86)
	at org.junit.platform.launcher.core.SessionPerRequestLauncher.execute(SessionPerRequestLauncher.java:53)
	at com.intellij.junit5.JUnit5IdeaTestRunner.startRunnerWithArgs(JUnit5IdeaTestRunner.java:71)
	at com.intellij.rt.junit.IdeaTestRunner$Repeater$1.execute(IdeaTestRunner.java:38)
	at com.intellij.rt.execution.junit.TestsRepeater.repeat(TestsRepeater.java:11)
	at com.intellij.rt.junit.IdeaTestRunner$Repeater.startRunnerWithArgs(IdeaTestRunner.java:35)
	at com.intellij.rt.junit.JUnitStarter.prepareStreamsAndStart(JUnitStarter.java:235)
	at com.intellij.rt.junit.JUnitStarter.main(JUnitStarter.java:54)
Caused by: java.lang.IllegalStateException: Neither GenericXmlContextLoader nor AnnotationConfigContextLoader was able to load an ApplicationContext from [MergedContextConfiguration@13330ac6 testClass = ScoresTest, locations = '{}', classes = '{}', contextInitializerClasses = '[]', activeProfiles = '{}', propertySourceLocations = '{}', propertySourceProperties = '{}', contextCustomizers = set[[empty]], contextLoader = 'org.springframework.test.context.support.DelegatingSmartContextLoader', parent = [null]].
	at org.springframework.test.context.support.AbstractDelegatingSmartContextLoader.loadContext(AbstractDelegatingSmartContextLoader.java:255)
	at org.springframework.test.context.cache.DefaultCacheAwareContextLoaderDelegate.loadContextInternal(DefaultCacheAwareContextLoaderDelegate.java:99)
	at org.springframework.test.context.cache.DefaultCacheAwareContextLoaderDelegate.loadContext(DefaultCacheAwareContextLoaderDelegate.java:124)
	... 64 common frames omitted
13:09:41.009 [main] INFO  o.s.t.c.s.DefaultTestContextBootstrapper - Neither @ContextConfiguration nor @ContextHierarchy found for test class [com.nhnacademy.edu.springframework.project.repository.ScoresTest], using DelegatingSmartContextLoader
13:09:41.027 [main] INFO  o.s.t.c.s.AbstractContextLoader - Could not detect default resource locations for test class [com.nhnacademy.edu.springframework.project.repository.ScoresTest]: no resource found for suffixes {-context.xml}.
13:09:41.030 [main] INFO  o.s.t.c.s.AnnotationConfigContextLoaderUtils - Could not detect default configuration classes for test class [com.nhnacademy.edu.springframework.project.repository.ScoresTest]: ScoresTest does not declare any static, non-private, non-final, nested classes annotated with @Configuration.
13:09:41.091 [main] INFO  o.s.t.c.s.DefaultTestContextBootstrapper - Loaded default TestExecutionListener class names from location [META-INF/spring.factories]: [org.springframework.test.context.web.ServletTestExecutionListener, org.springframework.test.context.support.DirtiesContextBeforeModesTestExecutionListener, org.springframework.test.context.event.ApplicationEventsTestExecutionListener, org.springframework.test.context.support.DependencyInjectionTestExecutionListener, org.springframework.test.context.support.DirtiesContextTestExecutionListener, org.springframework.test.context.transaction.TransactionalTestExecutionListener, org.springframework.test.context.jdbc.SqlScriptsTestExecutionListener, org.springframework.test.context.event.EventPublishingTestExecutionListener]
13:09:41.118 [main] INFO  o.s.t.c.s.DefaultTestContextBootstrapper - Using TestExecutionListeners: [org.springframework.test.context.support.DirtiesContextBeforeModesTestExecutionListener@7331196b, org.springframework.test.context.event.ApplicationEventsTestExecutionListener@3f9342d4, org.springframework.test.context.support.DependencyInjectionTestExecutionListener@ab7395e, org.springframework.test.context.support.DirtiesContextTestExecutionListener@50d13246, org.springframework.test.context.event.EventPublishingTestExecutionListener@2bd08376]
13:09:41.130 [main] ERROR o.s.test.context.TestContextManager - Caught exception while allowing TestExecutionListener [org.springframework.test.context.support.DependencyInjectionTestExecutionListener@ab7395e] to prepare test instance [com.nhnacademy.edu.springframework.project.repository.ScoresTest@3ad2e17]
java.lang.IllegalStateException: Failed to load ApplicationContext
	at org.springframework.test.context.cache.DefaultCacheAwareContextLoaderDelegate.loadContext(DefaultCacheAwareContextLoaderDelegate.java:132)
	at org.springframework.test.context.support.DefaultTestContext.getApplicationContext(DefaultTestContext.java:124)
	at org.springframework.test.context.support.DependencyInjectionTestExecutionListener.injectDependencies(DependencyInjectionTestExecutionListener.java:118)
	at org.springframework.test.context.support.DependencyInjectionTestExecutionListener.prepareTestInstance(DependencyInjectionTestExecutionListener.java:83)
	at org.springframework.test.context.TestContextManager.prepareTestInstance(TestContextManager.java:248)
	at org.springframework.test.context.junit.jupiter.SpringExtension.postProcessTestInstance(SpringExtension.java:138)
	at org.junit.jupiter.engine.descriptor.ClassBasedTestDescriptor.lambda$invokeTestInstancePostProcessors$8(ClassBasedTestDescriptor.java:363)
	at org.junit.jupiter.engine.descriptor.ClassBasedTestDescriptor.executeAndMaskThrowable(ClassBasedTestDescriptor.java:368)
	at org.junit.jupiter.engine.descriptor.ClassBasedTestDescriptor.lambda$invokeTestInstancePostProcessors$9(ClassBasedTestDescriptor.java:363)
	at java.base/java.util.stream.ReferencePipeline$3$1.accept(ReferencePipeline.java:195)
	at java.base/java.util.stream.ReferencePipeline$2$1.accept(ReferencePipeline.java:177)
	at java.base/java.util.ArrayList$ArrayListSpliterator.forEachRemaining(ArrayList.java:1655)
	at java.base/java.util.stream.AbstractPipeline.copyInto(AbstractPipeline.java:484)
	at java.base/java.util.stream.AbstractPipeline.wrapAndCopyInto(AbstractPipeline.java:474)
	at java.base/java.util.stream.StreamSpliterators$WrappingSpliterator.forEachRemaining(StreamSpliterators.java:312)
	at java.base/java.util.stream.Streams$ConcatSpliterator.forEachRemaining(Streams.java:735)
	at java.base/java.util.stream.ReferencePipeline$Head.forEach(ReferencePipeline.java:658)
	at org.junit.jupiter.engine.descriptor.ClassBasedTestDescriptor.invokeTestInstancePostProcessors(ClassBasedTestDescriptor.java:362)
	at org.junit.jupiter.engine.descriptor.ClassBasedTestDescriptor.lambda$instantiateAndPostProcessTestInstance$6(ClassBasedTestDescriptor.java:283)
	at org.junit.platform.engine.support.hierarchical.ThrowableCollector.execute(ThrowableCollector.java:73)
	at org.junit.jupiter.engine.descriptor.ClassBasedTestDescriptor.instantiateAndPostProcessTestInstance(ClassBasedTestDescriptor.java:282)
	at org.junit.jupiter.engine.descriptor.ClassBasedTestDescriptor.lambda$testInstancesProvider$4(ClassBasedTestDescriptor.java:272)
	at java.base/java.util.Optional.orElseGet(Optional.java:369)
	at org.junit.jupiter.engine.descriptor.ClassBasedTestDescriptor.lambda$testInstancesProvider$5(ClassBasedTestDescriptor.java:271)
	at org.junit.jupiter.engine.execution.TestInstancesProvider.getTestInstances(TestInstancesProvider.java:31)
	at org.junit.jupiter.engine.descriptor.ClassBasedTestDescriptor.lambda$before$2(ClassBasedTestDescriptor.java:197)
	at org.junit.platform.engine.support.hierarchical.ThrowableCollector.execute(ThrowableCollector.java:73)
	at org.junit.jupiter.engine.descriptor.ClassBasedTestDescriptor.before(ClassBasedTestDescriptor.java:196)
	at org.junit.jupiter.engine.descriptor.ClassBasedTestDescriptor.before(ClassBasedTestDescriptor.java:80)
	at org.junit.platform.engine.support.hierarchical.NodeTestTask.lambda$executeRecursively$6(NodeTestTask.java:148)
	at org.junit.platform.engine.support.hierarchical.ThrowableCollector.execute(ThrowableCollector.java:73)
	at org.junit.platform.engine.support.hierarchical.NodeTestTask.lambda$executeRecursively$8(NodeTestTask.java:141)
	at org.junit.platform.engine.support.hierarchical.Node.around(Node.java:137)
	at org.junit.platform.engine.support.hierarchical.NodeTestTask.lambda$executeRecursively$9(NodeTestTask.java:139)
	at org.junit.platform.engine.support.hierarchical.ThrowableCollector.execute(ThrowableCollector.java:73)
	at org.junit.platform.engine.support.hierarchical.NodeTestTask.executeRecursively(NodeTestTask.java:138)
	at org.junit.platform.engine.support.hierarchical.NodeTestTask.execute(NodeTestTask.java:95)
	at java.base/java.util.ArrayList.forEach(ArrayList.java:1541)
	at org.junit.platform.engine.support.hierarchical.SameThreadHierarchicalTestExecutorService.invokeAll(SameThreadHierarchicalTestExecutorService.java:41)
	at org.junit.platform.engine.support.hierarchical.NodeTestTask.lambda$executeRecursively$6(NodeTestTask.java:155)
	at org.junit.platform.engine.support.hierarchical.ThrowableCollector.execute(ThrowableCollector.java:73)
	at org.junit.platform.engine.support.hierarchical.NodeTestTask.lambda$executeRecursively$8(NodeTestTask.java:141)
	at org.junit.platform.engine.support.hierarchical.Node.around(Node.java:137)
	at org.junit.platform.engine.support.hierarchical.NodeTestTask.lambda$executeRecursively$9(NodeTestTask.java:139)
	at org.junit.platform.engine.support.hierarchical.ThrowableCollector.execute(ThrowableCollector.java:73)
	at org.junit.platform.engine.support.hierarchical.NodeTestTask.executeRecursively(NodeTestTask.java:138)
	at org.junit.platform.engine.support.hierarchical.NodeTestTask.execute(NodeTestTask.java:95)
	at org.junit.platform.engine.support.hierarchical.SameThreadHierarchicalTestExecutorService.submit(SameThreadHierarchicalTestExecutorService.java:35)
	at org.junit.platform.engine.support.hierarchical.HierarchicalTestExecutor.execute(HierarchicalTestExecutor.java:57)
	at org.junit.platform.engine.support.hierarchical.HierarchicalTestEngine.execute(HierarchicalTestEngine.java:54)
	at org.junit.platform.launcher.core.EngineExecutionOrchestrator.execute(EngineExecutionOrchestrator.java:107)
	at org.junit.platform.launcher.core.EngineExecutionOrchestrator.execute(EngineExecutionOrchestrator.java:88)
	at org.junit.platform.launcher.core.EngineExecutionOrchestrator.lambda$execute$0(EngineExecutionOrchestrator.java:54)
	at org.junit.platform.launcher.core.EngineExecutionOrchestrator.withInterceptedStreams(EngineExecutionOrchestrator.java:67)
	at org.junit.platform.launcher.core.EngineExecutionOrchestrator.execute(EngineExecutionOrchestrator.java:52)
	at org.junit.platform.launcher.core.DefaultLauncher.execute(DefaultLauncher.java:114)
	at org.junit.platform.launcher.core.DefaultLauncher.execute(DefaultLauncher.java:86)
	at org.junit.platform.launcher.core.DefaultLauncherSession$DelegatingLauncher.execute(DefaultLauncherSession.java:86)
	at org.junit.platform.launcher.core.SessionPerRequestLauncher.execute(SessionPerRequestLauncher.java:53)
	at com.intellij.junit5.JUnit5IdeaTestRunner.startRunnerWithArgs(JUnit5IdeaTestRunner.java:71)
	at com.intellij.rt.junit.IdeaTestRunner$Repeater$1.execute(IdeaTestRunner.java:38)
	at com.intellij.rt.execution.junit.TestsRepeater.repeat(TestsRepeater.java:11)
	at com.intellij.rt.junit.IdeaTestRunner$Repeater.startRunnerWithArgs(IdeaTestRunner.java:35)
	at com.intellij.rt.junit.JUnitStarter.prepareStreamsAndStart(JUnitStarter.java:235)
	at com.intellij.rt.junit.JUnitStarter.main(JUnitStarter.java:54)
Caused by: java.lang.IllegalStateException: Neither GenericXmlContextLoader nor AnnotationConfigContextLoader was able to load an ApplicationContext from [MergedContextConfiguration@39a2bb97 testClass = ScoresTest, locations = '{}', classes = '{}', contextInitializerClasses = '[]', activeProfiles = '{}', propertySourceLocations = '{}', propertySourceProperties = '{}', contextCustomizers = set[[empty]], contextLoader = 'org.springframework.test.context.support.DelegatingSmartContextLoader', parent = [null]].
	at org.springframework.test.context.support.AbstractDelegatingSmartContextLoader.loadContext(AbstractDelegatingSmartContextLoader.java:255)
	at org.springframework.test.context.cache.DefaultCacheAwareContextLoaderDelegate.loadContextInternal(DefaultCacheAwareContextLoaderDelegate.java:99)
	at org.springframework.test.context.cache.DefaultCacheAwareContextLoaderDelegate.loadContext(DefaultCacheAwareContextLoaderDelegate.java:124)
	... 64 common frames omitted
13:24:41.805 [main] INFO  o.s.t.c.s.DefaultTestContextBootstrapper - Loaded default TestExecutionListener class names from location [META-INF/spring.factories]: [org.springframework.test.context.web.ServletTestExecutionListener, org.springframework.test.context.support.DirtiesContextBeforeModesTestExecutionListener, org.springframework.test.context.event.ApplicationEventsTestExecutionListener, org.springframework.test.context.support.DependencyInjectionTestExecutionListener, org.springframework.test.context.support.DirtiesContextTestExecutionListener, org.springframework.test.context.transaction.TransactionalTestExecutionListener, org.springframework.test.context.jdbc.SqlScriptsTestExecutionListener, org.springframework.test.context.event.EventPublishingTestExecutionListener]
13:24:41.820 [main] INFO  o.s.t.c.s.DefaultTestContextBootstrapper - Using TestExecutionListeners: [org.springframework.test.context.support.DirtiesContextBeforeModesTestExecutionListener@4b40f651, org.springframework.test.context.event.ApplicationEventsTestExecutionListener@42b02722, org.springframework.test.context.support.DependencyInjectionTestExecutionListener@d62fe5b, org.springframework.test.context.support.DirtiesContextTestExecutionListener@49964d75, org.springframework.test.context.event.EventPublishingTestExecutionListener@528c868]
13:47:51.209 [main] INFO  o.s.t.c.s.DefaultTestContextBootstrapper - Loaded default TestExecutionListener class names from location [META-INF/spring.factories]: [org.springframework.test.context.web.ServletTestExecutionListener, org.springframework.test.context.support.DirtiesContextBeforeModesTestExecutionListener, org.springframework.test.context.event.ApplicationEventsTestExecutionListener, org.springframework.test.context.support.DependencyInjectionTestExecutionListener, org.springframework.test.context.support.DirtiesContextTestExecutionListener, org.springframework.test.context.transaction.TransactionalTestExecutionListener, org.springframework.test.context.jdbc.SqlScriptsTestExecutionListener, org.springframework.test.context.event.EventPublishingTestExecutionListener]
13:47:51.230 [main] INFO  o.s.t.c.s.DefaultTestContextBootstrapper - Using TestExecutionListeners: [org.springframework.test.context.support.DirtiesContextBeforeModesTestExecutionListener@4b40f651, org.springframework.test.context.event.ApplicationEventsTestExecutionListener@42b02722, org.springframework.test.context.support.DependencyInjectionTestExecutionListener@d62fe5b, org.springframework.test.context.support.DirtiesContextTestExecutionListener@49964d75, org.springframework.test.context.event.EventPublishingTestExecutionListener@528c868]
13:49:23.389 [main] INFO  o.s.t.c.s.DefaultTestContextBootstrapper - Loaded default TestExecutionListener class names from location [META-INF/spring.factories]: [org.springframework.test.context.web.ServletTestExecutionListener, org.springframework.test.context.support.DirtiesContextBeforeModesTestExecutionListener, org.springframework.test.context.event.ApplicationEventsTestExecutionListener, org.springframework.test.context.support.DependencyInjectionTestExecutionListener, org.springframework.test.context.support.DirtiesContextTestExecutionListener, org.springframework.test.context.transaction.TransactionalTestExecutionListener, org.springframework.test.context.jdbc.SqlScriptsTestExecutionListener, org.springframework.test.context.event.EventPublishingTestExecutionListener]
13:49:23.403 [main] INFO  o.s.t.c.s.DefaultTestContextBootstrapper - Using TestExecutionListeners: [org.springframework.test.context.support.DirtiesContextBeforeModesTestExecutionListener@528c868, org.springframework.test.context.event.ApplicationEventsTestExecutionListener@466276d8, org.springframework.test.context.support.DependencyInjectionTestExecutionListener@5ce8d869, org.springframework.test.context.support.DirtiesContextTestExecutionListener@27eedb64, org.springframework.test.context.event.EventPublishingTestExecutionListener@64c63c79]
14:03:24.657 [main] INFO  o.s.t.c.s.DefaultTestContextBootstrapper - Loaded default TestExecutionListener class names from location [META-INF/spring.factories]: [org.springframework.test.context.web.ServletTestExecutionListener, org.springframework.test.context.support.DirtiesContextBeforeModesTestExecutionListener, org.springframework.test.context.event.ApplicationEventsTestExecutionListener, org.springframework.test.context.support.DependencyInjectionTestExecutionListener, org.springframework.test.context.support.DirtiesContextTestExecutionListener, org.springframework.test.context.transaction.TransactionalTestExecutionListener, org.springframework.test.context.jdbc.SqlScriptsTestExecutionListener, org.springframework.test.context.event.EventPublishingTestExecutionListener]
14:03:24.679 [main] INFO  o.s.t.c.s.DefaultTestContextBootstrapper - Using TestExecutionListeners: [org.springframework.test.context.support.DirtiesContextBeforeModesTestExecutionListener@42b02722, org.springframework.test.context.event.ApplicationEventsTestExecutionListener@d62fe5b, org.springframework.test.context.support.DependencyInjectionTestExecutionListener@49964d75, org.springframework.test.context.support.DirtiesContextTestExecutionListener@528c868, org.springframework.test.context.event.EventPublishingTestExecutionListener@466276d8]
14:11:20.584 [main] INFO  o.s.t.c.s.DefaultTestContextBootstrapper - Loaded default TestExecutionListener class names from location [META-INF/spring.factories]: [org.springframework.test.context.web.ServletTestExecutionListener, org.springframework.test.context.support.DirtiesContextBeforeModesTestExecutionListener, org.springframework.test.context.event.ApplicationEventsTestExecutionListener, org.springframework.test.context.support.DependencyInjectionTestExecutionListener, org.springframework.test.context.support.DirtiesContextTestExecutionListener, org.springframework.test.context.transaction.TransactionalTestExecutionListener, org.springframework.test.context.jdbc.SqlScriptsTestExecutionListener, org.springframework.test.context.event.EventPublishingTestExecutionListener]
14:11:20.603 [main] INFO  o.s.t.c.s.DefaultTestContextBootstrapper - Using TestExecutionListeners: [org.springframework.test.context.support.DirtiesContextBeforeModesTestExecutionListener@d62fe5b, org.springframework.test.context.event.ApplicationEventsTestExecutionListener@49964d75, org.springframework.test.context.support.DependencyInjectionTestExecutionListener@528c868, org.springframework.test.context.support.DirtiesContextTestExecutionListener@466276d8, org.springframework.test.context.event.EventPublishingTestExecutionListener@5ce8d869]
14:16:42.777 [main] INFO  c.n.e.s.p.s.DefaultStudentService - CsvDataLoadService loadAndMessage start
14:16:42.793 [main] INFO  c.n.e.s.p.s.DefaultStudentService - loadAndMerge : StopWatch '': running time = 1523900 ns
---------------------------------------------
ns         %     Task name
---------------------------------------------
001523900  100%  

